<?xml version="1.0" encoding="UTF-8"?>
<!-- Generated by org.testng.reporters.JUnitReportReporter -->
<testsuite hostname="DESKTOP-OV5B7M2" failures="0" tests="4" name="NativeAppTesting.Demo_native_app" time="15.334" errors="0" timestamp="2023-05-12T16:50:51 IST" skipped="3">
  <testcase classname="NativeAppTesting.Demo_native_app" name="sendMessage" time="15.334"/>
  <system-out/>
  <testcase classname="NativeAppTesting.Demo_native_app" name="gesture">
    <skipped/>
  </testcase> <!-- gesture -->
  <system-out/>
  <testcase classname="NativeAppTesting.Demo_native_app" name="TC_01">
    <skipped/>
  </testcase> <!-- TC_01 -->
  <system-out/>
  <testcase classname="NativeAppTesting.Demo_native_app" name="dragAndDrop">
    <skipped/>
  </testcase> <!-- dragAndDrop -->
  <system-out/>
</testsuite> <!-- NativeAppTesting.Demo_native_app -->
